<?xml version="1.0" encoding="UTF-8"?>
<testng-results skipped="0" failed="0" ignored="0" total="1" passed="1">
  <reporter-output>
  </reporter-output>
  <suite name="Default suite" duration-ms="16382" started-at="2020-07-17T17:44:34 IST" finished-at="2020-07-17T17:44:50 IST">
    <groups>
    </groups>
    <test name="Default test" duration-ms="16382" started-at="2020-07-17T17:44:34 IST" finished-at="2020-07-17T17:44:50 IST">
      <class name="com.mvnpro.MvnJava.Browser1">
        <test-method status="PASS" signature="launchfirefox()[pri:0, instance:com.mvnpro.MvnJava.Browser1@d44fc21]" name="launchfirefox" duration-ms="16273" started-at="2020-07-17T17:44:34 IST" finished-at="2020-07-17T17:44:50 IST">
          <reporter-output>
          </reporter-output>
        </test-method> <!-- launchfirefox -->
      </class> <!-- com.mvnpro.MvnJava.Browser1 -->
    </test> <!-- Default test -->
  </suite> <!-- Default suite -->
</testng-results>
